<?xml version="1.0" encoding="UTF-8"?>
<!-- Generated by org.testng.reporters.JUnitReportReporter -->
<testsuite hostname="LAPTOP-DK38VD03" failures="1" tests="5" name="steps.SearchAndTodaysDealsteps" time="5.046" errors="0" timestamp="2023-12-08T19:23:49 IST" skipped="3">
  <testcase classname="steps.SearchAndTodaysDealsteps" name="search" time="0.174">
    <skipped/>
  </testcase> <!-- search -->
  <system-out/>
  <testcase classname="steps.SearchAndTodaysDealsteps" name="search" time="0.114">
    <skipped/>
  </testcase> <!-- search -->
  <system-out/>
  <testcase classname="steps.SearchAndTodaysDealsteps" name="search" time="0.157">
    <skipped/>
  </testcase> <!-- search -->
  <system-out/>
  <testcase classname="steps.SearchAndTodaysDealsteps" name="search" time="0.514">
    <failure message="Assert not same search item expected [BTS BOOK] but found [Beyond The Story: 10-Year Record of BTS\\r\\n]" type="java.lang.AssertionError">
      <![CDATA[java.lang.AssertionError: Assert not same search item expected [BTS BOOK] but found [Beyond The Story: 10-Year Record of BTS\\r\\n]
at org.testng.Assert.fail(Assert.java:110)
at org.testng.Assert.failNotSame(Assert.java:1573)
at org.testng.Assert.assertSame(Assert.java:1522)
at pages.SearchboxPage.searchitem(SearchboxPage.java:34)
at steps.SearchAndTodaysDealsteps.search(SearchAndTodaysDealsteps.java:34)
at java.base/jdk.internal.reflect.NativeMethodAccessorImpl.invoke0(Native Method)
at java.base/jdk.internal.reflect.NativeMethodAccessorImpl.invoke(NativeMethodAccessorImpl.java:62)
at java.base/jdk.internal.reflect.DelegatingMethodAccessorImpl.invoke(DelegatingMethodAccessorImpl.java:43)
at java.base/java.lang.reflect.Method.invoke(Method.java:566)
at org.testng.internal.invokers.MethodInvocationHelper.invokeMethod(MethodInvocationHelper.java:139)
at org.testng.internal.invokers.TestInvoker.invokeMethod(TestInvoker.java:677)
at org.testng.internal.invokers.TestInvoker.retryFailed(TestInvoker.java:263)
at org.testng.internal.invokers.MethodRunner.runInSequence(MethodRunner.java:62)
at org.testng.internal.invokers.TestInvoker$MethodInvocationAgent.invoke(TestInvoker.java:969)
at org.testng.internal.invokers.TestInvoker.invokeTestMethods(TestInvoker.java:194)
at org.testng.internal.invokers.TestMethodWorker.invokeTestMethods(TestMethodWorker.java:148)
at org.testng.internal.invokers.TestMethodWorker.run(TestMethodWorker.java:128)
at java.base/java.util.ArrayList.forEach(ArrayList.java:1541)
at org.testng.TestRunner.privateRun(TestRunner.java:829)
at org.testng.TestRunner.run(TestRunner.java:602)
at org.testng.SuiteRunner.runTest(SuiteRunner.java:437)
at org.testng.SuiteRunner.runSequentially(SuiteRunner.java:431)
at org.testng.SuiteRunner.privateRun(SuiteRunner.java:391)
at org.testng.SuiteRunner.run(SuiteRunner.java:330)
at org.testng.SuiteRunnerWorker.runSuite(SuiteRunnerWorker.java:52)
at org.testng.SuiteRunnerWorker.run(SuiteRunnerWorker.java:95)
at org.testng.TestNG.runSuitesSequentially(TestNG.java:1256)
at org.testng.TestNG.runSuitesLocally(TestNG.java:1176)
at org.testng.TestNG.runSuites(TestNG.java:1099)
at org.testng.TestNG.run(TestNG.java:1067)
at org.testng.remote.AbstractRemoteTestNG.run(AbstractRemoteTestNG.java:115)
at org.testng.remote.RemoteTestNG.initAndRun(RemoteTestNG.java:251)
at org.testng.remote.RemoteTestNG.main(RemoteTestNG.java:77)
]]>
    </failure>
  </testcase> <!-- search -->
  <system-out/>
  <testcase classname="steps.SearchAndTodaysDealsteps" name="dealstoday" time="4.087"/>
  <system-out/>
</testsuite> <!-- steps.SearchAndTodaysDealsteps -->
