<?xml version="1.0" encoding="UTF-8"?>
<!-- Generated by org.testng.reporters.JUnitXMLReporter -->
<testsuite ignored="2" hostname="LAPTOP-DK38VD03" failures="1" tests="5" name="BookSwagOnReport" time="14.686" errors="0" timestamp="2023-12-08T19:23:48 IST">
  <testcase classname="steps.SearchAndTodaysDealsteps" name="search" time="0.157">
    <skipped/>
  </testcase> <!-- search -->
  <testcase classname="steps.SearchAndTodaysDealsteps" name="search" time="0.174">
    <skipped/>
  </testcase> <!-- search -->
  <testcase classname="steps.SearchAndTodaysDealsteps" name="search" time="0.114">
    <skipped/>
  </testcase> <!-- search -->
  <testcase classname="steps.SearchAndTodaysDealsteps" name="search" time="0.108">
    <failure type="java.lang.AssertionError" message="Assert not same search item expected [BTS BOOK] but found [Beyond The Story: 10-Year Record of BTS\\r\\n]">
      <![CDATA[java.lang.AssertionError: Assert not same search item expected [BTS BOOK] but found [Beyond The Story: 10-Year Record of BTS\\r\\n]
at pages.SearchboxPage.searchitem(SearchboxPage.java:34)
at steps.SearchAndTodaysDealsteps.search(SearchAndTodaysDealsteps.java:34)
at java.base/java.util.ArrayList.forEach(ArrayList.java:1541)
... Removed 30 stack frames]]>
    </failure>
  </testcase> <!-- search -->
  <testcase classname="steps.SearchAndTodaysDealsteps" name="dealstoday" time="4.086"/>
  <testcase classname="steps.SharedStep" name="@BeforeSuite InitalizeExtentReport" time="0.0">
    <ignored/>
  </testcase> <!-- @BeforeSuite InitalizeExtentReport -->
  <testcase classname="steps.SharedStep" name="@BeforeTest getnameMethod" time="0.0">
    <ignored/>
  </testcase> <!-- @BeforeTest getnameMethod -->
</testsuite> <!-- BookSwagOnReport -->
